<?xml version="1.0" encoding="UTF-8"?>
<!-- Generated by org.testng.reporters.JUnitReportReporter -->
<testsuite skipped="0" hostname="LH7U0CND7021FZT" name="runner.TestNGRunner" tests="1" failures="0" timestamp="08 Sep 2017 15:52:57 GMT" time="17.155" errors="0">
  <testcase name="feature" time="17.155" classname="runner.TestNGRunner"/>
</testsuite> <!-- runner.TestNGRunner -->
